TN:
SF:src/polyfills.ts
FNF:0
FNH:0
LF:0
LH:0
BRF:0
BRH:0
end_of_record
TN:
SF:src/test.ts
FNF:0
FNH:0
DA:18,1
DA:23,1
DA:25,1
LF:3
LH:3
BRF:0
BRH:0
end_of_record
TN:
SF:src/app/app.component.ts
FN:10,(anonymous_1)
FNF:1
FNH:1
FNDA:1,(anonymous_1)
DA:7,1
DA:8,3
DA:11,1
LF:3
LH:3
BRF:0
BRH:0
end_of_record
TN:
SF:src/app/album/album.service.ts
FN:16,(anonymous_0)
FN:18,(anonymous_1)
FN:22,(anonymous_2)
FN:26,(anonymous_3)
FN:30,(anonymous_4)
FN:34,(anonymous_5)
FN:38,(anonymous_6)
FNF:7
FNH:7
FNDA:24,(anonymous_0)
FNDA:2,(anonymous_1)
FNDA:8,(anonymous_2)
FNDA:4,(anonymous_3)
FNDA:7,(anonymous_4)
FNDA:2,(anonymous_5)
FNDA:2,(anonymous_6)
DA:12,1
DA:14,24
DA:16,24
DA:19,2
DA:23,8
DA:27,4
DA:31,7
DA:35,2
DA:39,2
LF:9
LH:9
BRF:0
BRH:0
end_of_record
TN:
SF:src/app/album/album.ts
FN:15,(anonymous_0)
FNF:1
FNH:1
FNDA:50,(anonymous_0)
DA:25,50
DA:26,50
DA:27,50
DA:28,50
DA:29,50
DA:30,50
DA:31,50
DA:32,50
DA:33,50
LF:9
LH:9
BRF:0
BRH:0
end_of_record
TN:
SF:src/app/album/comment.ts
FN:7,(anonymous_0)
FNF:1
FNH:1
FNDA:14,(anonymous_0)
DA:12,14
DA:13,14
DA:14,14
DA:15,14
LF:4
LH:4
BRF:0
BRH:0
end_of_record
TN:
SF:src/app/album/performer.ts
FN:8,(anonymous_0)
FNF:1
FNH:1
FNDA:4,(anonymous_0)
DA:14,4
DA:15,4
DA:16,4
DA:17,4
DA:18,4
LF:5
LH:5
BRF:0
BRH:0
end_of_record
TN:
SF:src/app/album/track.ts
FN:6,(anonymous_0)
FNF:1
FNH:1
FNDA:15,(anonymous_0)
DA:7,15
DA:8,15
DA:9,15
LF:3
LH:3
BRF:0
BRH:0
end_of_record
TN:
SF:src/app/album/album-detalle/album-detalle.component.ts
FN:25,(anonymous_0)
FN:41,(anonymous_1)
FN:42,(anonymous_2)
FN:52,(anonymous_3)
FN:62,(anonymous_4)
FN:72,(anonymous_5)
FN:76,(anonymous_6)
FN:81,(anonymous_7)
FN:92,(anonymous_8)
FN:93,(anonymous_9)
FN:99,(anonymous_10)
FNF:11
FNH:7
FNDA:4,(anonymous_0)
FNDA:5,(anonymous_1)
FNDA:1,(anonymous_2)
FNDA:0,(anonymous_3)
FNDA:0,(anonymous_4)
FNDA:1,(anonymous_5)
FNDA:0,(anonymous_6)
FNDA:0,(anonymous_7)
FNDA:4,(anonymous_8)
FNDA:4,(anonymous_9)
FNDA:4,(anonymous_10)
DA:15,1
DA:25,4
DA:26,4
DA:27,4
DA:28,4
DA:29,4
DA:42,5
DA:43,1
DA:53,0
DA:63,0
DA:64,0
DA:73,1
DA:74,1
DA:75,1
DA:77,0
DA:78,0
DA:79,0
DA:80,0
DA:82,0
DA:93,4
DA:94,4
DA:96,4
DA:100,4
LF:23
LH:15
BRF:0
BRH:0
end_of_record
TN:
SF:src/app/album/album-listar/album-listar.component.ts
FN:19,(anonymous_0)
FN:37,(anonymous_1)
FN:38,(anonymous_2)
FN:48,(anonymous_3)
FN:58,(anonymous_4)
FN:62,(anonymous_5)
FN:66,(anonymous_6)
FN:67,(anonymous_7)
FN:73,(anonymous_8)
FN:78,(anonymous_9)
FNF:10
FNH:6
FNDA:8,(anonymous_0)
FNDA:6,(anonymous_1)
FNDA:1,(anonymous_2)
FNDA:6,(anonymous_3)
FNDA:1,(anonymous_4)
FNDA:0,(anonymous_5)
FNDA:1,(anonymous_6)
FNDA:0,(anonymous_7)
FNDA:0,(anonymous_8)
FNDA:0,(anonymous_9)
DA:14,1
DA:17,8
DA:19,8
DA:20,8
DA:21,8
DA:38,6
DA:39,1
DA:49,6
DA:59,1
DA:63,0
DA:67,1
DA:68,0
DA:69,0
DA:70,0
DA:71,0
DA:72,0
DA:74,0
DA:79,0
DA:80,0
LF:19
LH:10
BRDA:68,0,0,0
BRDA:68,0,1,0
BRF:2
BRH:0
end_of_record
TN:
SF:src/app/album/pipes/filtro-busqueda.pipe.ts
FN:10,(anonymous_0)
FN:15,(anonymous_1)
FN:25,(anonymous_2)
FNF:3
FNH:3
FNDA:13,(anonymous_0)
FNDA:12,(anonymous_1)
FNDA:15,(anonymous_2)
DA:8,1
DA:11,13
DA:12,1
DA:15,12
DA:26,15
DA:27,119
DA:28,6
DA:29,1
DA:33,14
LF:9
LH:9
BRDA:11,0,0,1
BRDA:11,0,1,12
BRDA:11,1,0,13
BRDA:11,1,1,13
BRDA:27,2,0,6
BRDA:27,2,1,113
BRDA:28,3,0,1
BRDA:28,3,1,5
BRF:8
BRH:8
end_of_record
TN:
SF:src/app/album/pipes/sin-foto-album.pipe.ts
FN:8,(anonymous_0)
FNF:1
FNH:1
FNDA:9,(anonymous_0)
DA:6,1
DA:10,9
DA:11,2
DA:13,9
LF:4
LH:4
BRDA:10,0,0,2
BRDA:10,0,1,7
BRDA:10,1,0,9
BRDA:10,1,1,8
BRF:4
BRH:4
end_of_record
TN:
SF:src/app/album/track-listar/track-listar.component.ts
FN:16,(anonymous_0)
FN:30,(anonymous_1)
FN:31,(anonymous_2)
FN:42,(anonymous_3)
FN:46,(anonymous_4)
FN:50,(anonymous_5)
FN:55,(anonymous_6)
FN:56,(anonymous_7)
FN:61,(anonymous_8)
FNF:9
FNH:5
FNDA:6,(anonymous_0)
FNDA:6,(anonymous_1)
FNDA:1,(anonymous_2)
FNDA:6,(anonymous_3)
FNDA:0,(anonymous_4)
FNDA:0,(anonymous_5)
FNDA:1,(anonymous_6)
FNDA:0,(anonymous_7)
FNDA:0,(anonymous_8)
DA:13,1
DA:16,6
DA:17,6
DA:31,6
DA:32,1
DA:43,6
DA:47,0
DA:51,0
DA:52,0
DA:56,1
DA:57,0
DA:58,0
DA:59,0
DA:60,0
DA:62,0
LF:15
LH:7
BRDA:57,0,0,0
BRDA:57,0,1,0
BRF:2
BRH:0
end_of_record
TN:
SF:src/app/artista/artista.service.ts
FN:15,(anonymous_0)
FN:23,(anonymous_1)
FN:33,(anonymous_2)
FN:43,(anonymous_3)
FNF:4
FNH:4
FNDA:11,(anonymous_0)
FNDA:6,(anonymous_1)
FNDA:4,(anonymous_2)
FNDA:1,(anonymous_3)
DA:11,1
DA:13,11
DA:14,11
DA:15,11
DA:24,6
DA:34,4
DA:44,1
LF:7
LH:7
BRF:0
BRH:0
end_of_record
TN:
SF:src/app/artista/artista.ts
FN:14,(anonymous_0)
FNF:1
FNH:1
FNDA:33,(anonymous_0)
DA:24,33
DA:25,33
DA:26,33
DA:27,33
DA:28,33
DA:29,33
DA:30,33
DA:31,33
LF:8
LH:8
BRF:0
BRH:0
end_of_record
TN:
SF:src/app/artista/premio.ts
FN:9,(anonymous_0)
FNF:1
FNH:1
FNDA:23,(anonymous_0)
DA:17,23
DA:18,23
DA:19,23
DA:20,23
DA:21,23
DA:22,23
LF:6
LH:6
BRF:0
BRH:0
end_of_record
TN:
SF:src/app/artista/premioInterprete.ts
FN:5,(anonymous_0)
FNF:1
FNH:1
FNDA:5,(anonymous_0)
DA:9,5
DA:10,5
LF:2
LH:2
BRF:0
BRH:0
end_of_record
TN:
SF:src/app/artista/artista-detail/artista-detail.component.ts
FN:19,(anonymous_0)
FN:22,(anonymous_1)
FN:23,(anonymous_2)
FN:29,(anonymous_3)
FN:31,(anonymous_4)
FN:38,(anonymous_5)
FN:39,(anonymous_6)
FN:41,(anonymous_7)
FN:49,(anonymous_8)
FNF:9
FNH:5
FNDA:3,(anonymous_0)
FNDA:3,(anonymous_1)
FNDA:3,(anonymous_2)
FNDA:3,(anonymous_3)
FNDA:0,(anonymous_4)
FNDA:0,(anonymous_5)
FNDA:0,(anonymous_6)
FNDA:0,(anonymous_7)
FNDA:3,(anonymous_8)
DA:12,1
DA:19,3
DA:20,3
DA:23,3
DA:24,3
DA:26,3
DA:30,3
DA:32,0
DA:33,0
DA:39,0
DA:40,0
DA:42,0
DA:43,0
DA:50,3
LF:14
LH:8
BRF:0
BRH:0
end_of_record
TN:
SF:src/app/artista/artista-listar/artista-listar.component.ts
FN:19,(anonymous_0)
FN:31,(anonymous_1)
FN:41,(anonymous_2)
FN:43,(anonymous_3)
FN:54,(anonymous_4)
FN:60,(anonymous_5)
FNF:6
FNH:6
FNDA:8,(anonymous_0)
FNDA:6,(anonymous_1)
FNDA:6,(anonymous_2)
FNDA:1,(anonymous_3)
FNDA:1,(anonymous_4)
FNDA:1,(anonymous_5)
DA:10,1
DA:11,8
DA:12,8
DA:13,8
DA:15,8
DA:19,8
DA:20,8
DA:21,8
DA:32,6
DA:42,6
DA:44,1
DA:55,1
DA:56,1
DA:61,1
LF:14
LH:14
BRDA:55,0,0,1
BRDA:55,0,1,0
BRF:2
BRH:1
end_of_record
TN:
SF:src/app/artista/pipes/filtro-busqueda.pipe.ts
FN:10,(anonymous_0)
FN:15,(anonymous_1)
FN:25,(anonymous_2)
FNF:3
FNH:3
FNDA:13,(anonymous_0)
FNDA:10,(anonymous_1)
FNDA:13,(anonymous_2)
DA:8,1
DA:11,13
DA:12,1
DA:15,12
DA:26,13
DA:27,90
DA:28,4
DA:29,1
DA:33,12
LF:9
LH:9
BRDA:11,0,0,1
BRDA:11,0,1,12
BRDA:11,1,0,13
BRDA:11,1,1,13
BRDA:27,2,0,4
BRDA:27,2,1,86
BRDA:28,3,0,1
BRDA:28,3,1,3
BRF:8
BRH:8
end_of_record
TN:
SF:src/app/artista/pipes/sin-foto-artista.pipe.ts
FN:8,(anonymous_0)
FNF:1
FNH:1
FNDA:8,(anonymous_0)
DA:6,1
DA:10,8
DA:11,2
DA:13,8
LF:4
LH:4
BRDA:10,0,0,2
BRDA:10,0,1,6
BRDA:10,1,0,8
BRDA:10,1,1,7
BRF:4
BRH:4
end_of_record
TN:
SF:src/app/coleccionista/albumStatus.enum.ts
FN:1,(anonymous_0)
FNF:1
FNH:1
FNDA:1,(anonymous_0)
DA:1,1
DA:2,1
DA:3,1
LF:3
LH:3
BRDA:1,0,0,1
BRDA:1,0,1,1
BRF:2
BRH:2
end_of_record
TN:
SF:src/app/coleccionista/coleccionista.service.ts
FN:14,(anonymous_0)
FN:21,(anonymous_1)
FN:32,(anonymous_2)
FN:42,(anonymous_3)
FN:55,(anonymous_4)
FN:65,(anonymous_5)
FNF:6
FNH:6
FNDA:13,(anonymous_0)
FNDA:5,(anonymous_1)
FNDA:3,(anonymous_2)
FNDA:1,(anonymous_3)
FNDA:1,(anonymous_4)
FNDA:1,(anonymous_5)
DA:11,1
DA:12,13
DA:14,13
DA:22,5
DA:23,5
DA:33,3
DA:43,1
DA:59,1
DA:69,1
LF:9
LH:9
BRF:0
BRH:0
end_of_record
TN:
SF:src/app/coleccionista/coleccionista.ts
FN:13,(anonymous_0)
FNF:1
FNH:1
FNDA:26,(anonymous_0)
DA:22,26
DA:23,26
DA:24,26
DA:25,26
DA:26,26
DA:27,26
DA:28,26
LF:7
LH:7
BRF:0
BRH:0
end_of_record
TN:
SF:src/app/coleccionista/coleccionistaAlbum.ts
FN:9,(anonymous_0)
FNF:1
FNH:1
FNDA:10,(anonymous_0)
DA:15,10
DA:16,10
DA:17,10
DA:18,10
LF:4
LH:4
BRF:0
BRH:0
end_of_record
TN:
SF:src/app/coleccionista/comentario.ts
FN:8,(anonymous_0)
FNF:1
FNH:1
FNDA:2,(anonymous_0)
DA:14,2
DA:15,2
DA:16,2
DA:17,2
LF:4
LH:4
BRF:0
BRH:0
end_of_record
TN:
SF:src/app/coleccionista/filtro-coleccionistas.pipe.ts
FN:15,(anonymous_0)
FN:20,(anonymous_1)
FN:32,(anonymous_2)
FNF:3
FNH:3
FNDA:9,(anonymous_0)
FNDA:8,(anonymous_1)
FNDA:10,(anonymous_2)
DA:8,1
DA:16,9
DA:17,1
DA:20,8
DA:21,8
DA:33,10
DA:34,58
DA:35,1
DA:36,1
DA:40,9
LF:10
LH:10
BRDA:16,0,0,1
BRDA:16,0,1,8
BRDA:16,1,0,9
BRDA:16,1,1,9
BRDA:34,2,0,1
BRDA:34,2,1,57
BRDA:35,3,0,1
BRDA:35,3,1,0
BRF:8
BRH:7
end_of_record
TN:
SF:src/app/coleccionista/coleccionista-agregar-album/coleccionista-agregar-album.component.ts
FN:22,(anonymous_0)
FN:33,(anonymous_1)
FN:42,(anonymous_2)
FN:43,(anonymous_3)
FN:47,(anonymous_4)
FN:49,(anonymous_5)
FN:50,(anonymous_6)
FN:52,(anonymous_7)
FN:65,(anonymous_8)
FN:81,(anonymous_9)
FNF:10
FNH:3
FNDA:2,(anonymous_0)
FNDA:2,(anonymous_1)
FNDA:2,(anonymous_2)
FNDA:0,(anonymous_3)
FNDA:0,(anonymous_4)
FNDA:0,(anonymous_5)
FNDA:0,(anonymous_6)
FNDA:0,(anonymous_7)
FNDA:0,(anonymous_8)
FNDA:0,(anonymous_9)
DA:15,1
DA:23,2
DA:24,2
DA:25,2
DA:26,2
DA:27,2
DA:29,2
DA:30,2
DA:31,2
DA:34,2
DA:43,2
DA:44,0
DA:45,0
DA:48,0
DA:49,0
DA:50,0
DA:51,0
DA:53,0
DA:57,0
DA:58,0
DA:63,0
DA:65,0
DA:69,2
DA:82,0
DA:83,0
LF:25
LH:12
BRDA:57,0,0,0
BRDA:57,0,1,0
BRDA:82,1,0,0
BRDA:82,1,1,0
BRF:4
BRH:0
end_of_record
TN:
SF:src/app/coleccionista/coleccionista-detail/coleccionista-detail.component.ts
FN:25,(anonymous_0)
FN:38,(anonymous_1)
FN:39,(anonymous_2)
FN:51,(anonymous_3)
FN:54,(anonymous_4)
FN:66,(anonymous_5)
FN:69,(anonymous_6)
FN:79,(anonymous_7)
FN:80,(anonymous_8)
FN:81,(anonymous_9)
FN:92,(anonymous_10)
FN:101,(anonymous_11)
FN:105,(anonymous_12)
FN:109,(anonymous_13)
FN:120,(anonymous_14)
FN:123,(anonymous_15)
FN:129,(anonymous_16)
FN:140,(anonymous_17)
FN:151,(anonymous_18)
FNF:19
FNH:5
FNDA:2,(anonymous_0)
FNDA:2,(anonymous_1)
FNDA:2,(anonymous_2)
FNDA:2,(anonymous_3)
FNDA:0,(anonymous_4)
FNDA:0,(anonymous_5)
FNDA:0,(anonymous_6)
FNDA:0,(anonymous_7)
FNDA:0,(anonymous_8)
FNDA:0,(anonymous_9)
FNDA:0,(anonymous_10)
FNDA:0,(anonymous_11)
FNDA:0,(anonymous_12)
FNDA:0,(anonymous_13)
FNDA:0,(anonymous_14)
FNDA:0,(anonymous_15)
FNDA:0,(anonymous_16)
FNDA:0,(anonymous_17)
FNDA:2,(anonymous_18)
DA:17,1
DA:21,2
DA:22,2
DA:26,2
DA:27,2
DA:28,2
DA:29,2
DA:30,2
DA:32,2
DA:39,2
DA:40,2
DA:41,2
DA:52,2
DA:55,0
DA:56,0
DA:57,0
DA:67,0
DA:70,0
DA:80,0
DA:81,0
DA:82,0
DA:93,0
DA:102,0
DA:106,0
DA:107,0
DA:110,0
DA:121,0
DA:122,0
DA:123,0
DA:124,0
DA:125,0
DA:126,0
DA:130,0
DA:138,0
DA:141,0
DA:152,2
LF:36
LH:14
BRDA:124,0,0,0
BRDA:124,0,1,0
BRF:2
BRH:0
end_of_record
TN:
SF:src/app/coleccionista/coleccionista-listar/coleccionista-listar.component.ts
FN:15,(anonymous_0)
FN:27,(anonymous_1)
FN:30,(anonymous_2)
FN:38,(anonymous_3)
FN:48,(anonymous_4)
FNF:5
FNH:5
FNDA:7,(anonymous_0)
FNDA:5,(anonymous_1)
FNDA:1,(anonymous_2)
FNDA:5,(anonymous_3)
FNDA:1,(anonymous_4)
DA:10,1
DA:11,7
DA:16,7
DA:17,7
DA:19,7
DA:28,5
DA:31,1
DA:39,5
DA:49,1
LF:9
LH:9
BRF:0
BRH:0
end_of_record
TN:
SF:src/app/premio/filtro-premio.pipe.ts
FN:15,(anonymous_0)
FN:20,(anonymous_1)
FN:30,(anonymous_2)
FNF:3
FNH:3
FNDA:7,(anonymous_0)
FNDA:6,(anonymous_1)
FNDA:8,(anonymous_2)
DA:8,1
DA:16,7
DA:17,1
DA:20,6
DA:31,8
DA:32,38
DA:33,1
DA:34,1
DA:38,7
LF:9
LH:9
BRDA:16,0,0,1
BRDA:16,0,1,6
BRDA:16,1,0,7
BRDA:16,1,1,7
BRDA:32,2,0,1
BRDA:32,2,1,37
BRDA:33,3,0,1
BRDA:33,3,1,0
BRF:8
BRH:7
end_of_record
TN:
SF:src/app/premio/premio.service.ts
FN:12,(anonymous_0)
FN:19,(anonymous_1)
FN:29,(anonymous_2)
FNF:3
FNH:3
FNDA:5,(anonymous_0)
FNDA:4,(anonymous_1)
FNDA:1,(anonymous_2)
DA:10,1
DA:11,5
DA:12,5
DA:20,4
DA:21,4
DA:30,1
LF:6
LH:6
BRF:0
BRH:0
end_of_record
TN:
SF:src/app/premio/premio-crear/premio-crear.component.ts
FN:13,(anonymous_0)
FN:20,(anonymous_1)
FN:33,(anonymous_2)
FNF:3
FNH:2
FNDA:2,(anonymous_0)
FNDA:2,(anonymous_1)
FNDA:0,(anonymous_2)
DA:10,1
DA:14,2
DA:15,2
DA:17,2
DA:21,2
DA:34,0
DA:35,0
LF:7
LH:5
BRDA:34,0,0,0
BRDA:34,0,1,0
BRF:2
BRH:0
end_of_record
TN:
SF:src/app/premio/premio-listar/premio-listar.component.ts
FN:17,(anonymous_0)
FN:30,(anonymous_1)
FN:37,(anonymous_2)
FN:38,(anonymous_3)
FN:48,(anonymous_4)
FN:50,(anonymous_5)
FN:53,(anonymous_6)
FN:64,(anonymous_7)
FNF:8
FNH:4
FNDA:4,(anonymous_0)
FNDA:4,(anonymous_1)
FNDA:4,(anonymous_2)
FNDA:1,(anonymous_3)
FNDA:0,(anonymous_4)
FNDA:0,(anonymous_5)
FNDA:0,(anonymous_6)
FNDA:0,(anonymous_7)
DA:13,1
DA:18,4
DA:19,4
DA:20,4
DA:21,4
DA:23,4
DA:24,4
DA:31,4
DA:38,4
DA:39,1
DA:49,0
DA:50,0
DA:51,0
DA:52,0
DA:54,0
DA:62,0
DA:65,0
LF:17
LH:10
BRDA:51,0,0,0
BRDA:51,0,1,0
BRF:2
BRH:0
end_of_record
TN:
SF:src/environments/environment.ts
FNF:0
FNH:0
DA:4,1
DA:5,1
DA:9,1
LF:3
LH:3
BRF:0
BRH:0
end_of_record
